<?xml version="1.0" encoding="UTF-8"?>
<!-- Generated by org.testng.reporters.JUnitXMLReporter -->
<testsuite hostname="VishalGngwarMAC" ignored="0" name="Testing Parameterization" tests="3" failures="0" timestamp="21 Apr 2019 13:57:27 GMT" time="14.493" errors="0">
  <testcase name="assertHome" time="0.115" classname="cricplayFramework.PreLoginTests"/>
  <testcase name="assertPrediction" time="0.332" classname="cricplayFramework.PreLoginTests"/>
  <testcase name="assertTitle" time="0.006" classname="cricplayFramework.PreLoginTests"/>
</testsuite> <!-- Testing Parameterization -->
