<?xml version="1.0" encoding="UTF-8"?>
<testng-results skipped="0" failed="1" ignored="0" total="4" passed="3">
  <reporter-output>
  </reporter-output>
  <suite name="CricPlaySuite" duration-ms="16775" started-at="2019-04-25T05:06:48Z" finished-at="2019-04-25T05:07:05Z">
    <groups>
    </groups>
    <test name="HomeTest" duration-ms="16775" started-at="2019-04-25T05:06:48Z" finished-at="2019-04-25T05:07:05Z">
      <class name="tests.TestHomePreLogin">
        <test-method status="PASS" signature="setupTest()[pri:0, instance:tests.TestHomePreLogin@402a079c]" name="setupTest" is-config="true" duration-ms="8907" started-at="2019-04-25T05:06:48Z" finished-at="2019-04-25T05:06:57Z">
          <reporter-output>
          </reporter-output>
        </test-method> <!-- setupTest -->
        <test-method status="PASS" signature="setupTest()[pri:0, instance:tests.TestSignIn@59ec2012]" name="setupTest" is-config="true" duration-ms="6884" started-at="2019-04-25T05:06:57Z" finished-at="2019-04-25T05:07:04Z">
          <reporter-output>
          </reporter-output>
        </test-method> <!-- setupTest -->
        <test-method status="PASS" signature="homeSectionsTest()[pri:0, instance:tests.TestHomePreLogin@402a079c]" name="homeSectionsTest" duration-ms="56" started-at="2019-04-25T05:07:04Z" finished-at="2019-04-25T05:07:04Z">
          <reporter-output>
          </reporter-output>
        </test-method> <!-- homeSectionsTest -->
        <test-method status="PASS" signature="pvtcardTest()[pri:0, instance:tests.TestHomePreLogin@402a079c]" name="pvtcardTest" duration-ms="28" started-at="2019-04-25T05:07:04Z" finished-at="2019-04-25T05:07:04Z">
          <reporter-output>
          </reporter-output>
        </test-method> <!-- pvtcardTest -->
        <test-method status="PASS" signature="referCard()[pri:0, instance:tests.TestHomePreLogin@402a079c]" name="referCard" duration-ms="28" started-at="2019-04-25T05:07:04Z" finished-at="2019-04-25T05:07:04Z">
          <reporter-output>
          </reporter-output>
        </test-method> <!-- referCard -->
        <test-method status="PASS" signature="tearDowntest()[pri:0, instance:tests.TestHomePreLogin@402a079c]" name="tearDowntest" is-config="true" duration-ms="505" started-at="2019-04-25T05:07:04Z" finished-at="2019-04-25T05:07:05Z">
          <reporter-output>
          </reporter-output>
        </test-method> <!-- tearDowntest -->
      </class> <!-- tests.TestHomePreLogin -->
      <class name="tests.TestSignIn">
        <test-method status="FAIL" signature="signInTest()[pri:0, instance:tests.TestSignIn@59ec2012]" name="signInTest" duration-ms="347" started-at="2019-04-25T05:07:04Z" finished-at="2019-04-25T05:07:04Z">
          <exception class="org.openqa.selenium.NoSuchElementException">
            <message>
              <![CDATA[Unable to locate element: //body[@class='fontLoaded']/div[@role='dialog']/div[@role='document']/div//section[@class='login-section']//section[@class='login-section-left-content']/form//input[@value='']
For documentation on this error, please visit: http://seleniumhq.org/exceptions/no_such_element.html
Build info: version: '3.13.0', revision: '2f0d292', time: '2018-06-25T15:24:21.231Z'
System info: host: 'tillt04420.timesgroup.com', ip: 'fe80:0:0:0:1465:ea17:f3d6:aec5%en0', os.name: 'Mac OS X', os.arch: 'x86_64', os.version: '10.14.4', java.version: '1.8.0_111'
Driver info: org.openqa.selenium.firefox.FirefoxDriver
Capabilities {acceptInsecureCerts: true, browserName: firefox, browserVersion: 66.0.3, javascriptEnabled: true, moz:accessibilityChecks: false, moz:geckodriverVersion: 0.24.0, moz:headless: false, moz:processID: 2199, moz:profile: /var/folders/xh/4mkwtbw1327..., moz:shutdownTimeout: 60000, moz:useNonSpecCompliantPointerOrigin: false, moz:webdriverClick: true, pageLoadStrategy: normal, platform: MAC, platformName: MAC, platformVersion: 18.5.0, rotatable: false, setWindowRect: true, strictFileInteractability: false, timeouts: {implicit: 0, pageLoad: 300000, script: 30000}, unhandledPromptBehavior: dismiss and notify}
Session ID: ba978417-8df9-d64b-8e54-6d91a7782347
*** Element info: {Using=xpath, value=//body[@class='fontLoaded']/div[@role='dialog']/div[@role='document']/div//section[@class='login-section']//section[@class='login-section-left-content']/form//input[@value='']}]]>
            </message>
            <full-stacktrace>
              <![CDATA[org.openqa.selenium.NoSuchElementException: Unable to locate element: //body[@class='fontLoaded']/div[@role='dialog']/div[@role='document']/div//section[@class='login-section']//section[@class='login-section-left-content']/form//input[@value='']
For documentation on this error, please visit: http://seleniumhq.org/exceptions/no_such_element.html
Build info: version: '3.13.0', revision: '2f0d292', time: '2018-06-25T15:24:21.231Z'
System info: host: 'tillt04420.timesgroup.com', ip: 'fe80:0:0:0:1465:ea17:f3d6:aec5%en0', os.name: 'Mac OS X', os.arch: 'x86_64', os.version: '10.14.4', java.version: '1.8.0_111'
Driver info: org.openqa.selenium.firefox.FirefoxDriver
Capabilities {acceptInsecureCerts: true, browserName: firefox, browserVersion: 66.0.3, javascriptEnabled: true, moz:accessibilityChecks: false, moz:geckodriverVersion: 0.24.0, moz:headless: false, moz:processID: 2199, moz:profile: /var/folders/xh/4mkwtbw1327..., moz:shutdownTimeout: 60000, moz:useNonSpecCompliantPointerOrigin: false, moz:webdriverClick: true, pageLoadStrategy: normal, platform: MAC, platformName: MAC, platformVersion: 18.5.0, rotatable: false, setWindowRect: true, strictFileInteractability: false, timeouts: {implicit: 0, pageLoad: 300000, script: 30000}, unhandledPromptBehavior: dismiss and notify}
Session ID: ba978417-8df9-d64b-8e54-6d91a7782347
*** Element info: {Using=xpath, value=//body[@class='fontLoaded']/div[@role='dialog']/div[@role='document']/div//section[@class='login-section']//section[@class='login-section-left-content']/form//input[@value='']}
at sun.reflect.NativeConstructorAccessorImpl.newInstance0(Native Method)
at sun.reflect.NativeConstructorAccessorImpl.newInstance(NativeConstructorAccessorImpl.java:62)
at sun.reflect.DelegatingConstructorAccessorImpl.newInstance(DelegatingConstructorAccessorImpl.java:45)
at java.lang.reflect.Constructor.newInstance(Constructor.java:423)
at org.openqa.selenium.remote.http.W3CHttpResponseCodec.createException(W3CHttpResponseCodec.java:187)
at org.openqa.selenium.remote.http.W3CHttpResponseCodec.decode(W3CHttpResponseCodec.java:122)
at org.openqa.selenium.remote.http.W3CHttpResponseCodec.decode(W3CHttpResponseCodec.java:49)
at org.openqa.selenium.remote.HttpCommandExecutor.execute(HttpCommandExecutor.java:158)
at org.openqa.selenium.remote.service.DriverCommandExecutor.execute(DriverCommandExecutor.java:83)
at org.openqa.selenium.remote.RemoteWebDriver.execute(RemoteWebDriver.java:548)
at org.openqa.selenium.remote.RemoteWebDriver.findElement(RemoteWebDriver.java:322)
at org.openqa.selenium.remote.RemoteWebDriver.findElementByXPath(RemoteWebDriver.java:424)
at org.openqa.selenium.By$ByXPath.findElement(By.java:353)
at org.openqa.selenium.remote.RemoteWebDriver.findElement(RemoteWebDriver.java:314)
at pages.SignInObjects.signIn(SignInObjects.java:24)
at tests.TestSignIn.signInTest(TestSignIn.java:30)
at sun.reflect.NativeMethodAccessorImpl.invoke0(Native Method)
at sun.reflect.NativeMethodAccessorImpl.invoke(NativeMethodAccessorImpl.java:62)
at sun.reflect.DelegatingMethodAccessorImpl.invoke(DelegatingMethodAccessorImpl.java:43)
at java.lang.reflect.Method.invoke(Method.java:498)
at org.testng.internal.MethodInvocationHelper.invokeMethod(MethodInvocationHelper.java:124)
at org.testng.internal.Invoker.invokeMethod(Invoker.java:583)
at org.testng.internal.Invoker.invokeTestMethod(Invoker.java:719)
at org.testng.internal.Invoker.invokeTestMethods(Invoker.java:989)
at org.testng.internal.TestMethodWorker.invokeTestMethods(TestMethodWorker.java:125)
at org.testng.internal.TestMethodWorker.run(TestMethodWorker.java:109)
at org.testng.TestRunner.privateRun(TestRunner.java:648)
at org.testng.TestRunner.run(TestRunner.java:505)
at org.testng.SuiteRunner.runTest(SuiteRunner.java:455)
at org.testng.SuiteRunner.runSequentially(SuiteRunner.java:450)
at org.testng.SuiteRunner.privateRun(SuiteRunner.java:415)
at org.testng.SuiteRunner.run(SuiteRunner.java:364)
at org.testng.SuiteRunnerWorker.runSuite(SuiteRunnerWorker.java:52)
at org.testng.SuiteRunnerWorker.run(SuiteRunnerWorker.java:84)
at org.testng.TestNG.runSuitesSequentially(TestNG.java:1208)
at org.testng.TestNG.runSuitesLocally(TestNG.java:1137)
at org.testng.TestNG.runSuites(TestNG.java:1049)
at org.testng.TestNG.run(TestNG.java:1017)
at org.testng.remote.AbstractRemoteTestNG.run(AbstractRemoteTestNG.java:115)
at org.testng.remote.RemoteTestNG.initAndRun(RemoteTestNG.java:251)
at org.testng.remote.RemoteTestNG.main(RemoteTestNG.java:77)
]]>
            </full-stacktrace>
          </exception> <!-- org.openqa.selenium.NoSuchElementException -->
          <reporter-output>
          </reporter-output>
        </test-method> <!-- signInTest -->
      </class> <!-- tests.TestSignIn -->
    </test> <!-- HomeTest -->
  </suite> <!-- CricPlaySuite -->
</testng-results>
